[{"message":"","timestamp":"2025-10-13T21:20:13.423188909Z"},{"message":"\u001b[35m[Region: us-west1]\u001b[0m","timestamp":"2025-10-13T21:20:14.197544535Z"},{"message":"","timestamp":"2025-10-13T21:20:15.179496840Z"},{"message":"\u001b[38;2;125;86;243m╭────────────────╮\u001b[0m","timestamp":"2025-10-13T21:20:15.179530998Z"},{"message":"\u001b[38;2;125;86;243m│\u001b[0m Railpack 0.9.0 \u001b[38;2;125;86;243m│\u001b[0m","timestamp":"2025-10-13T21:20:15.179536206Z"},{"message":"\u001b[38;2;125;86;243m╰────────────────╯\u001b[0m","timestamp":"2025-10-13T21:20:15.179539808Z"},{"message":"","timestamp":"2025-10-13T21:20:15.179544780Z"},{"message":"\u001b[97m↳ Detected Python\u001b[0m","timestamp":"2025-10-13T21:20:15.179548679Z"},{"message":"\u001b[97m↳ Using pip\u001b[0m","timestamp":"2025-10-13T21:20:15.179551909Z"},{"message":"\u001b[97m↳ Found web command in Procfile\u001b[0m","timestamp":"2025-10-13T21:20:15.179555077Z"},{"message":"","timestamp":"2025-10-13T21:20:15.179558466Z"},{"message":"\u001b[1mPackages\u001b[0m","timestamp":"2025-10-13T21:20:15.179561196Z"},{"message":"\u001b[38;5;238m──────────\u001b[0m","timestamp":"2025-10-13T21:20:15.179564263Z"},{"message":"\u001b[95mpython\u001b[0m  \u001b[38;5;238m│\u001b[0m  \u001b[96m3.13.8\u001b[0m  \u001b[38;5;238m│\u001b[0m  railpack default (3.13)","timestamp":"2025-10-13T21:20:15.179567352Z"},{"message":"","timestamp":"2025-10-13T21:20:15.179570469Z"},{"message":"\u001b[1mSteps\u001b[0m","timestamp":"2025-10-13T21:20:15.179573644Z"},{"message":"\u001b[38;5;238m──────────\u001b[0m","timestamp":"2025-10-13T21:20:15.179576342Z"},{"message":"\u001b[95m▸ install\u001b[0m","timestamp":"2025-10-13T21:20:15.179579079Z"},{"message":"\u001b[38;5;245m$\u001b[0m \u001b[1mpython -m venv /app/.venv\u001b[0m","timestamp":"2025-10-13T21:20:15.179582116Z"},{"message":"\u001b[38;5;245m$\u001b[0m \u001b[1mpip install -r requirements.txt\u001b[0m","timestamp":"2025-10-13T21:20:15.179585779Z"},{"message":"","timestamp":"2025-10-13T21:20:15.179588535Z"},{"message":"\u001b[1mDeploy\u001b[0m","timestamp":"2025-10-13T21:20:15.179591663Z"},{"message":"\u001b[38;5;238m──────────\u001b[0m","timestamp":"2025-10-13T21:20:15.179595027Z"},{"message":"\u001b[38;5;245m$\u001b[0m \u001b[1muvicorn main:app --host 0.0.0.0 --port $PORT\u001b[0m","timestamp":"2025-10-13T21:20:15.179597930Z"},{"message":"","timestamp":"2025-10-13T21:20:15.179601240Z"},{"message":"","timestamp":"2025-10-13T21:20:15.179604368Z"},{"message":"Successfully prepared Railpack plan for build","timestamp":"2025-10-13T21:20:15.180729823Z","plan":{"$schema":"https://schema.railpack.com","caches":{"pip":{"directory":"/opt/pip-cache","type":"shared"}},"deploy":{"base":{"image":"ghcr.io/railwayapp/railpack-runtime:latest"},"inputs":[{"include":["/mise/shims","/mise/installs","/usr/local/bin/mise","/etc/mise/config.toml","/root/.local/state/mise"],"step":"packages:mise"},{"include":["/app/.venv"],"step":"build"},{"exclude":[".venv"],"include":["."],"step":"build"}],"startCommand":"uvicorn main:app --host 0.0.0.0 --port $PORT","variables":{"PIP_DEFAULT_TIMEOUT":"100","PIP_DISABLE_PIP_VERSION_CHECK":"1","PYTHONDONTWRITEBYTECODE":"1","PYTHONFAULTHANDLER":"1","PYTHONHASHSEED":"random","PYTHONUNBUFFERED":"1"}},"secrets":["OPENAI_API_KEY","RAILWAY_ENVIRONMENT","RAILWAY_ENVIRONMENT_ID","RAILWAY_ENVIRONMENT_NAME","RAILWAY_GIT_AUTHOR","RAILWAY_GIT_BRANCH","RAILWAY_GIT_COMMIT_MESSAGE","RAILWAY_GIT_COMMIT_SHA","RAILWAY_GIT_REPO_NAME","RAILWAY_GIT_REPO_OWNER","RAILWAY_PRIVATE_DOMAIN","RAILWAY_PROJECT_ID","RAILWAY_PROJECT_NAME","RAILWAY_SERVICE_ID","RAILWAY_SERVICE_NAME"],"steps":[{"assets":{"mise.toml":"[tools]\n  [tools.python]\n    version = \"3.13.8\"\n"},"commands":[{"path":"/mise/shims"},{"customName":"create mise config","name":"mise.toml","path":"/etc/mise/config.toml"},{"cmd":"sh -c 'mise trust -a && mise install'","customName":"install mise packages: python"}],"inputs":[{"image":"ghcr.io/railwayapp/railpack-builder:latest"}],"name":"packages:mise","variables":{"MISE_CACHE_DIR":"/mise/cache","MISE_CONFIG_DIR":"/mise","MISE_DATA_DIR":"/mise","MISE_INSTALLS_DIR":"/mise/installs","MISE_NODE_VERIFY":"false","MISE_SHIMS_DIR":"/mise/shims"}},{"caches":["pip"],"commands":[{"cmd":"python -m venv /app/.venv"},{"path":"/app/.venv/bin"},{"dest":"requirements.txt","src":"requirements.txt"},{"cmd":"pip install -r requirements.txt"}],"inputs":[{"step":"packages:mise"}],"name":"install","variables":{"PIP_CACHE_DIR":"/opt/pip-cache","PIP_DEFAULT_TIMEOUT":"100","PIP_DISABLE_PIP_VERSION_CHECK":"1","PYTHONDONTWRITEBYTECODE":"1","PYTHONFAULTHANDLER":"1","PYTHONHASHSEED":"random","PYTHONUNBUFFERED":"1","VIRTUAL_ENV":"/app/.venv"}},{"inputs":[{"step":"install"},{"include":["."],"local":true}],"name":"build","secrets":["*"]}]}},{"message":"","timestamp":"2025-10-13T21:20:15.180763070Z"},{"message":"","timestamp":"2025-10-13T21:20:15.180768084Z"},{"message":"context: bjpn-iidJ","timestamp":"2025-10-13T21:20:15.182470194Z"},{"message":"[internal] load build definition from railpack-plan.json","timestamp":"2025-10-13T21:20:15.358560492Z"},{"message":"[internal] load build definition from railpack-plan.json","timestamp":"2025-10-13T21:20:15.358605124Z"},{"message":"[internal] load build definition from railpack-plan.json","timestamp":"2025-10-13T21:20:15.358617662Z"},{"message":"[internal] load build definition from railpack-plan.json","timestamp":"2025-10-13T21:20:15.371162204Z"},{"message":"resolve image config for docker-image://ghcr.io/railwayapp/railpack-frontend:v0.9.0","timestamp":"2025-10-13T21:20:15.372866406Z"},{"message":"resolve image config for docker-image://ghcr.io/railwayapp/railpack-frontend:v0.9.0","timestamp":"2025-10-13T21:20:15.633140446Z"},{"message":"docker-image://ghcr.io/railwayapp/railpack-frontend:v0.9.0@sha256:e9cf7bf69e221861e5a81123d52c5231938d36131bd648ebe175660a729fd14e","timestamp":"2025-10-13T21:20:15.633191200Z"},{"message":"docker-image://ghcr.io/railwayapp/railpack-frontend:v0.9.0@sha256:e9cf7bf69e221861e5a81123d52c5231938d36131bd648ebe175660a729fd14e","timestamp":"2025-10-13T21:20:15.634618983Z"},{"message":"docker-image://ghcr.io/railwayapp/railpack-frontend:v0.9.0@sha256:e9cf7bf69e221861e5a81123d52c5231938d36131bd648ebe175660a729fd14e","timestamp":"2025-10-13T21:20:15.638991505Z"},{"message":"docker-image://ghcr.io/railwayapp/railpack-frontend:v0.9.0@sha256:e9cf7bf69e221861e5a81123d52c5231938d36131bd648ebe175660a729fd14e","timestamp":"2025-10-13T21:20:15.639231559Z"},{"message":"docker-image://ghcr.io/railwayapp/railpack-frontend:v0.9.0@sha256:e9cf7bf69e221861e5a81123d52c5231938d36131bd648ebe175660a729fd14e","timestamp":"2025-10-13T21:20:15.639258096Z"},{"message":"load build definition from railpack-plan.json","timestamp":"2025-10-13T21:20:15.802394557Z"},{"message":"load build definition from railpack-plan.json","timestamp":"2025-10-13T21:20:15.802439737Z"},{"message":"load build definition from railpack-plan.json","timestamp":"2025-10-13T21:20:15.802451212Z"},{"message":"load build definition from railpack-plan.json","timestamp":"2025-10-13T21:20:15.813590376Z"},{"message":"python -m venv /app/.venv","timestamp":"2025-10-13T21:20:15.878024124Z"},{"message":"copy /root/.local/state/mise","timestamp":"2025-10-13T21:20:15.878061261Z"},{"message":"copy /etc/mise/config.toml","timestamp":"2025-10-13T21:20:15.878070801Z"},{"message":"copy /usr/local/bin/mise","timestamp":"2025-10-13T21:20:15.878076711Z"},{"message":"copy /mise/installs","timestamp":"2025-10-13T21:20:15.878087715Z"},{"message":"copy /mise/shims","timestamp":"2025-10-13T21:20:15.878094866Z"},{"message":"install mise packages: python","timestamp":"2025-10-13T21:20:15.878100637Z"},{"message":"create mise config","timestamp":"2025-10-13T21:20:15.878106248Z"},{"message":"mkdir /etc/mise","timestamp":"2025-10-13T21:20:15.878111446Z"},{"message":"docker-image://ghcr.io/railwayapp/railpack-builder:latest","timestamp":"2025-10-13T21:20:15.878117020Z"},{"message":"docker-image://ghcr.io/railwayapp/railpack-runtime:latest","timestamp":"2025-10-13T21:20:15.878122205Z"},{"message":"[railpack] merge ghcr.io/railwayapp/railpack-runtime:latest, $packages:mise, $build, $build","timestamp":"2025-10-13T21:20:15.878149914Z"},{"message":"copy /app","timestamp":"2025-10-13T21:20:15.878157670Z"},{"message":"copy /app/.venv","timestamp":"2025-10-13T21:20:15.878162810Z"},{"message":"copy / /app","timestamp":"2025-10-13T21:20:15.878168320Z"},{"message":"pip install -r requirements.txt","timestamp":"2025-10-13T21:20:15.878173724Z"},{"message":"copy requirements.txt","timestamp":"2025-10-13T21:20:15.878178919Z"},{"message":"loading .","timestamp":"2025-10-13T21:20:15.878184489Z"},{"message":"docker-image://ghcr.io/railwayapp/railpack-runtime:latest","timestamp":"2025-10-13T21:20:15.878193148Z"},{"message":"docker-image://ghcr.io/railwayapp/railpack-builder:latest","timestamp":"2025-10-13T21:20:15.878207017Z"},{"message":"loading .","timestamp":"2025-10-13T21:20:15.878214289Z"},{"message":"docker-image://ghcr.io/railwayapp/railpack-builder:latest","timestamp":"2025-10-13T21:20:16.092829858Z"},{"message":"mkdir /etc/mise","timestamp":"2025-10-13T21:20:16.093005195Z"},{"message":"loading .","timestamp":"2025-10-13T21:20:16.093015301Z"},{"message":"create mise config","timestamp":"2025-10-13T21:20:16.093053565Z"},{"message":"loading .","timestamp":"2025-10-13T21:20:16.107609247Z"},{"message":"docker-image://ghcr.io/railwayapp/railpack-runtime:latest","timestamp":"2025-10-13T21:20:16.162862626Z"},{"message":"create mise config","timestamp":"2025-10-13T21:20:16.198404850Z"},{"message":"install mise packages: python","timestamp":"2025-10-13T21:20:16.199469527Z"},{"message":"mise python@3.13.8   install\n","timestamp":"2025-10-13T21:20:17.481577163Z"},{"message":"mise python@3.13.8   download cpython-3.13.8+20251010-x86_64-unknown-linux-gnu-install_only_stripped.tar.gz\n","timestamp":"2025-10-13T21:20:17.587917521Z"},{"message":"mise python@3.13.8   extract cpython-3.13.8+20251010-x86_64-unknown-linux-gnu-install_only_stripped.tar.gz\n","timestamp":"2025-10-13T21:20:17.939693917Z"},{"message":"mise python@3.13.8   python --version\n","timestamp":"2025-10-13T21:20:18.52457068Z"},{"message":"mise python@3.13.8   Python 3.13.8\n","timestamp":"2025-10-13T21:20:18.527459741Z"},{"message":"mise python@3.13.8 ✓ installed\n","timestamp":"2025-10-13T21:20:18.533089406Z"},{"message":"install mise packages: python","timestamp":"2025-10-13T21:20:18.566102023Z"},{"message":"python -m venv /app/.venv","timestamp":"2025-10-13T21:20:18.566842060Z"},{"message":"copy /mise/shims","timestamp":"2025-10-13T21:20:19.040064253Z"},{"message":"docker-image://ghcr.io/railwayapp/railpack-runtime:latest","timestamp":"2025-10-13T21:20:19.049438333Z"},{"message":"copy /mise/shims","timestamp":"2025-10-13T21:20:19.049490098Z"},{"message":"docker-image://ghcr.io/railwayapp/railpack-runtime:latest","timestamp":"2025-10-13T21:20:19.049508418Z"},{"message":"copy /mise/installs","timestamp":"2025-10-13T21:20:19.050422586Z"},{"message":"copy /mise/installs","timestamp":"2025-10-13T21:20:19.395368249Z"},{"message":"copy /usr/local/bin/mise","timestamp":"2025-10-13T21:20:19.396386214Z"},{"message":"copy /usr/local/bin/mise","timestamp":"2025-10-13T21:20:19.467606948Z"},{"message":"copy /etc/mise/config.toml","timestamp":"2025-10-13T21:20:19.468620570Z"},{"message":"copy /etc/mise/config.toml","timestamp":"2025-10-13T21:20:19.483388521Z"},{"message":"copy /root/.local/state/mise","timestamp":"2025-10-13T21:20:19.484484982Z"},{"message":"copy /root/.local/state/mise","timestamp":"2025-10-13T21:20:19.541825218Z"},{"message":"python -m venv /app/.venv","timestamp":"2025-10-13T21:20:21.425008757Z"},{"message":"copy requirements.txt","timestamp":"2025-10-13T21:20:21.425825319Z"},{"message":"copy requirements.txt","timestamp":"2025-10-13T21:20:21.490501109Z"},{"message":"pip install -r requirements.txt","timestamp":"2025-10-13T21:20:21.491953064Z"},{"message":"Collecting fastapi==0.109.0 (from -r requirements.txt (line 1))\n","timestamp":"2025-10-13T21:20:22.311583997Z"},{"message":"  Downloading fastapi-0.109.0-py3-none-any.whl.metadata (24 kB)\n","timestamp":"2025-10-13T21:20:22.338959989Z"},{"message":"Collecting uvicorn==0.27.0 (from uvicorn[standard]==0.27.0->-r requirements.txt (line 2))\n","timestamp":"2025-10-13T21:20:22.3776672Z"},{"message":"  Downloading uvicorn-0.27.0-py3-none-any.whl.metadata (6.4 kB)\n","timestamp":"2025-10-13T21:20:22.387823034Z"},{"message":"Collecting pydantic==2.5.3 (from -r requirements.txt (line 3))\n","timestamp":"2025-10-13T21:20:22.486854753Z"},{"message":"  Downloading pydantic-2.5.3-py3-none-any.whl.metadata (65 kB)\n","timestamp":"2025-10-13T21:20:22.496099698Z"},{"message":"Collecting python-multipart==0.0.9 (from -r requirements.txt (line 4))\n","timestamp":"2025-10-13T21:20:22.526731885Z"},{"message":"  Downloading python_multipart-0.0.9-py3-none-any.whl.metadata (2.5 kB)\n","timestamp":"2025-10-13T21:20:22.536079311Z"},{"message":"Collecting playwright==1.41.0 (from -r requirements.txt (line 5))\n","timestamp":"2025-10-13T21:20:22.576860553Z"},{"message":"  Downloading playwright-1.41.0-py3-none-manylinux1_x86_64.whl.metadata (3.6 kB)\n","timestamp":"2025-10-13T21:20:22.586833141Z"},{"message":"Collecting playwright-stealth==1.0.6 (from -r requirements.txt (line 6))\n","timestamp":"2025-10-13T21:20:22.607092062Z"},{"message":"  Downloading playwright_stealth-1.0.6-py3-none-any.whl.metadata (2.2 kB)\n","timestamp":"2025-10-13T21:20:22.616834831Z"},{"message":"Collecting beautifulsoup4==4.12.3 (from -r requirements.txt (line 7))\n","timestamp":"2025-10-13T21:20:22.640313559Z"},{"message":"  Downloading beautifulsoup4-4.12.3-py3-none-any.whl.metadata (3.8 kB)\n","timestamp":"2025-10-13T21:20:22.64872222Z"},{"message":"Collecting requests==2.31.0 (from -r requirements.txt (line 8))\n","timestamp":"2025-10-13T21:20:22.678734409Z"},{"message":"  Downloading requests-2.31.0-py3-none-any.whl.metadata (4.6 kB)\n","timestamp":"2025-10-13T21:20:22.687737315Z"},{"message":"Collecting python-dotenv==1.0.0 (from -r requirements.txt (line 9))\n","timestamp":"2025-10-13T21:20:22.710449758Z"},{"message":"  Downloading python_dotenv-1.0.0-py3-none-any.whl.metadata (21 kB)\n","timestamp":"2025-10-13T21:20:22.718820863Z"},{"message":"Collecting lxml==5.1.0 (from -r requirements.txt (line 10))\n","timestamp":"2025-10-13T21:20:22.870967329Z"},{"message":"  Downloading lxml-5.1.0.tar.gz (3.8 MB)\n","timestamp":"2025-10-13T21:20:22.880719245Z"},{"message":"     ━━━━━━━━━━━━━━━━━━━━━━━━━━━━━━━━━━━━━━━━ 3.8/3.8 MB 114.4 MB/s  0:00:00","timestamp":"2025-10-13T21:20:22.922413403Z"},{"message":"\n","timestamp":"2025-10-13T21:20:22.922549395Z"},{"message":"  Installing build dependencies: started\n","timestamp":"2025-10-13T21:20:23.401023826Z"},{"message":"  Installing build dependencies: finished with status 'done'\n","timestamp":"2025-10-13T21:20:24.871781075Z"},{"message":"  Getting requirements to build wheel: started\n","timestamp":"2025-10-13T21:20:24.872801459Z"},{"message":"  Getting requirements to build wheel: finished with status 'done'\n","timestamp":"2025-10-13T21:20:25.763550454Z"},{"message":"  Preparing metadata (pyproject.toml): started\n","timestamp":"2025-10-13T21:20:25.764374469Z"},{"message":"  Preparing metadata (pyproject.toml): finished with status 'done'\n","timestamp":"2025-10-13T21:20:26.65340905Z"},{"message":"Collecting openai==1.12.0 (from -r requirements.txt (line 11))\n","timestamp":"2025-10-13T21:20:26.724626467Z"},{"message":"  Downloading openai-1.12.0-py3-none-any.whl.metadata (18 kB)\n","timestamp":"2025-10-13T21:20:26.734892468Z"},{"message":"Collecting starlette<0.36.0,>=0.35.0 (from fastapi==0.109.0->-r requirements.txt (line 1))\n","timestamp":"2025-10-13T21:20:26.794956709Z"},{"message":"  Downloading starlette-0.35.1-py3-none-any.whl.metadata (5.8 kB)\n","timestamp":"2025-10-13T21:20:26.805151529Z"},{"message":"Collecting typing-extensions>=4.8.0 (from fastapi==0.109.0->-r requirements.txt (line 1))\n","timestamp":"2025-10-13T21:20:26.830285082Z"},{"message":"  Downloading typing_extensions-4.15.0-py3-none-any.whl.metadata (3.3 kB)\n","timestamp":"2025-10-13T21:20:26.838584561Z"},{"message":"Collecting annotated-types>=0.4.0 (from pydantic==2.5.3->-r requirements.txt (line 3))\n","timestamp":"2025-10-13T21:20:26.85773149Z"},{"message":"  Downloading annotated_types-0.7.0-py3-none-any.whl.metadata (15 kB)\n","timestamp":"2025-10-13T21:20:26.865998975Z"},{"message":"Collecting pydantic-core==2.14.6 (from pydantic==2.5.3->-r requirements.txt (line 3))\n","timestamp":"2025-10-13T21:20:27.428531901Z"},{"message":"  Downloading pydantic_core-2.14.6.tar.gz (360 kB)\n","timestamp":"2025-10-13T21:20:27.442703524Z"},{"message":"  Installing build dependencies: started\n","timestamp":"2025-10-13T21:20:27.52043856Z"},{"message":"  Installing build dependencies: finished with status 'done'\n","timestamp":"2025-10-13T21:20:28.837419756Z"},{"message":"  Getting requirements to build wheel: started\n","timestamp":"2025-10-13T21:20:28.838125636Z"},{"message":"  Getting requirements to build wheel: finished with status 'done'\n","timestamp":"2025-10-13T21:20:29.015571227Z"},{"message":"  Installing backend dependencies: started\n","timestamp":"2025-10-13T21:20:29.016658403Z"},{"message":"  Installing backend dependencies: finished with status 'done'\n","timestamp":"2025-10-13T21:20:30.43107752Z"},{"message":"  Preparing metadata (pyproject.toml): started\n","timestamp":"2025-10-13T21:20:30.431816679Z"},{"message":"  Preparing metadata (pyproject.toml): finished with status 'done'\n","timestamp":"2025-10-13T21:20:42.422506353Z"},{"message":"Collecting click>=7.0 (from uvicorn==0.27.0->uvicorn[standard]==0.27.0->-r requirements.txt (line 2))\n","timestamp":"2025-10-13T21:20:42.449181761Z"},{"message":"  Downloading click-8.3.0-py3-none-any.whl.metadata (2.6 kB)\n","timestamp":"2025-10-13T21:20:42.457559718Z"},{"message":"Collecting h11>=0.8 (from uvicorn==0.27.0->uvicorn[standard]==0.27.0->-r requirements.txt (line 2))\n","timestamp":"2025-10-13T21:20:42.478985884Z"},{"message":"  Using cached h11-0.16.0-py3-none-any.whl.metadata (8.3 kB)\n","timestamp":"2025-10-13T21:20:42.480302811Z"},{"message":"Collecting greenlet==3.0.3 (from playwright==1.41.0->-r requirements.txt (line 5))\n","timestamp":"2025-10-13T21:20:42.576040424Z"},{"message":"  Downloading greenlet-3.0.3.tar.gz (182 kB)\n","timestamp":"2025-10-13T21:20:42.585221748Z"},{"message":"  Installing build dependencies: started\n","timestamp":"2025-10-13T21:20:42.622828425Z"},{"message":"  Installing build dependencies: finished with status 'done'\n","timestamp":"2025-10-13T21:20:43.640435888Z"},{"message":"  Getting requirements to build wheel: started\n","timestamp":"2025-10-13T21:20:43.641766949Z"},{"message":"  Getting requirements to build wheel: finished with status 'done'\n","timestamp":"2025-10-13T21:20:44.313269995Z"},{"message":"  Preparing metadata (pyproject.toml): started\n","timestamp":"2025-10-13T21:20:44.314046159Z"},{"message":"  Preparing metadata (pyproject.toml): finished with status 'done'\n","timestamp":"2025-10-13T21:20:44.991065768Z"},{"message":"Collecting pyee==11.0.1 (from playwright==1.41.0->-r requirements.txt (line 5))\n","timestamp":"2025-10-13T21:20:45.011458224Z"},{"message":"  Downloading pyee-11.0.1-py3-none-any.whl.metadata (2.7 kB)\n","timestamp":"2025-10-13T21:20:45.023704359Z"},{"message":"Collecting soupsieve>1.2 (from beautifulsoup4==4.12.3->-r requirements.txt (line 7))\n","timestamp":"2025-10-13T21:20:45.048070683Z"},{"message":"  Downloading soupsieve-2.8-py3-none-any.whl.metadata (4.6 kB)\n","timestamp":"2025-10-13T21:20:45.058708569Z"},{"message":"Collecting charset-normalizer<4,>=2 (from requests==2.31.0->-r requirements.txt (line 8))\n","timestamp":"2025-10-13T21:20:45.179426396Z"},{"message":"  Downloading charset_normalizer-3.4.3-cp313-cp313-manylinux2014_x86_64.manylinux_2_17_x86_64.manylinux_2_28_x86_64.whl.metadata (36 kB)\n","timestamp":"2025-10-13T21:20:45.188616937Z"},{"message":"Collecting idna<4,>=2.5 (from requests==2.31.0->-r requirements.txt (line 8))\n","timestamp":"2025-10-13T21:20:45.210811667Z"},{"message":"  Using cached idna-3.11-py3-none-any.whl.metadata (8.4 kB)\n","timestamp":"2025-10-13T21:20:45.212144342Z"},{"message":"Collecting urllib3<3,>=1.21.1 (from requests==2.31.0->-r requirements.txt (line 8))\n","timestamp":"2025-10-13T21:20:45.240810392Z"},{"message":"  Downloading urllib3-2.5.0-py3-none-any.whl.metadata (6.5 kB)\n","timestamp":"2025-10-13T21:20:45.249274257Z"},{"message":"Collecting certifi>=2017.4.17 (from requests==2.31.0->-r requirements.txt (line 8))\n","timestamp":"2025-10-13T21:20:45.273914856Z"},{"message":"  Using cached certifi-2025.10.5-py3-none-any.whl.metadata (2.5 kB)\n","timestamp":"2025-10-13T21:20:45.275322112Z"},{"message":"Collecting anyio<5,>=3.5.0 (from openai==1.12.0->-r requirements.txt (line 11))\n","timestamp":"2025-10-13T21:20:45.299153122Z"},{"message":"  Using cached anyio-4.11.0-py3-none-any.whl.metadata (4.1 kB)\n","timestamp":"2025-10-13T21:20:45.300420101Z"},{"message":"Collecting distro<2,>=1.7.0 (from openai==1.12.0->-r requirements.txt (line 11))\n","timestamp":"2025-10-13T21:20:45.317833539Z"},{"message":"  Downloading distro-1.9.0-py3-none-any.whl.metadata (6.8 kB)\n","timestamp":"2025-10-13T21:20:45.32622249Z"},{"message":"Collecting httpx<1,>=0.23.0 (from openai==1.12.0->-r requirements.txt (line 11))\n","timestamp":"2025-10-13T21:20:45.350126625Z"},{"message":"  Using cached httpx-0.28.1-py3-none-any.whl.metadata (7.1 kB)\n","timestamp":"2025-10-13T21:20:45.351516478Z"},{"message":"Collecting sniffio (from openai==1.12.0->-r requirements.txt (line 11))\n","timestamp":"2025-10-13T21:20:45.388010777Z"},{"message":"  Using cached sniffio-1.3.1-py3-none-any.whl.metadata (3.9 kB)\n","timestamp":"2025-10-13T21:20:45.389282941Z"},{"message":"Collecting tqdm>4 (from openai==1.12.0->-r requirements.txt (line 11))\n","timestamp":"2025-10-13T21:20:45.422838176Z"},{"message":"  Using cached tqdm-4.67.1-py3-none-any.whl.metadata (57 kB)\n","timestamp":"2025-10-13T21:20:45.424379884Z"},{"message":"Collecting httptools>=0.5.0 (from uvicorn[standard]==0.27.0->-r requirements.txt (line 2))\n","timestamp":"2025-10-13T21:20:45.469283608Z"},{"message":"  Downloading httptools-0.7.1-cp313-cp313-manylinux1_x86_64.manylinux_2_28_x86_64.manylinux_2_5_x86_64.whl.metadata (3.5 kB)\n","timestamp":"2025-10-13T21:20:45.477671296Z"},{"message":"Collecting pyyaml>=5.1 (from uvicorn[standard]==0.27.0->-r requirements.txt (line 2))\n","timestamp":"2025-10-13T21:20:45.517112508Z"},{"message":"  Downloading pyyaml-6.0.3-cp313-cp313-manylinux2014_x86_64.manylinux_2_17_x86_64.manylinux_2_28_x86_64.whl.metadata (2.4 kB)\n","timestamp":"2025-10-13T21:20:45.525853033Z"},{"message":"Collecting uvloop!=0.15.0,!=0.15.1,>=0.14.0 (from uvicorn[standard]==0.27.0->-r requirements.txt (line 2))\n","timestamp":"2025-10-13T21:20:45.564163367Z"},{"message":"  Downloading uvloop-0.21.0-cp313-cp313-manylinux_2_17_x86_64.manylinux2014_x86_64.whl.metadata (4.9 kB)\n","timestamp":"2025-10-13T21:20:45.572795851Z"},{"message":"Collecting watchfiles>=0.13 (from uvicorn[standard]==0.27.0->-r requirements.txt (line 2))\n","timestamp":"2025-10-13T21:20:45.637341419Z"},{"message":"  Downloading watchfiles-1.1.0-cp313-cp313-manylinux_2_17_x86_64.manylinux2014_x86_64.whl.metadata (4.9 kB)\n","timestamp":"2025-10-13T21:20:45.645851883Z"},{"message":"Collecting websockets>=10.4 (from uvicorn[standard]==0.27.0->-r requirements.txt (line 2))\n","timestamp":"2025-10-13T21:20:45.721345083Z"},{"message":"  Downloading websockets-15.0.1-cp313-cp313-manylinux_2_5_x86_64.manylinux1_x86_64.manylinux_2_17_x86_64.manylinux2014_x86_64.whl.metadata (6.8 kB)\n","timestamp":"2025-10-13T21:20:45.72984274Z"},{"message":"Collecting httpcore==1.* (from httpx<1,>=0.23.0->openai==1.12.0->-r requirements.txt (line 11))\n","timestamp":"2025-10-13T21:20:45.759089567Z"},{"message":"  Using cached httpcore-1.0.9-py3-none-any.whl.metadata (21 kB)\n","timestamp":"2025-10-13T21:20:45.760411889Z"},{"message":"Downloading fastapi-0.109.0-py3-none-any.whl (92 kB)\n","timestamp":"2025-10-13T21:20:45.798258859Z"},{"message":"Downloading pydantic-2.5.3-py3-none-any.whl (381 kB)\n","timestamp":"2025-10-13T21:20:45.81096622Z"},{"message":"Downloading uvicorn-0.27.0-py3-none-any.whl (60 kB)\n","timestamp":"2025-10-13T21:20:45.824206453Z"},{"message":"Downloading python_multipart-0.0.9-py3-none-any.whl (22 kB)\n","timestamp":"2025-10-13T21:20:45.835161591Z"},{"message":"Downloading playwright-1.41.0-py3-none-manylinux1_x86_64.whl (37.4 MB)\n","timestamp":"2025-10-13T21:20:45.848006654Z"},{"message":"   ━━━━━━━━━━━━━━━━━━━━━━━━━━━━━━━━━━━━━━━━ 37.4/37.4 MB 150.3 MB/s  0:00:00","timestamp":"2025-10-13T21:20:46.098335089Z"},{"message":"\n","timestamp":"2025-10-13T21:20:46.098436779Z"},{"message":"Downloading playwright_stealth-1.0.6-py3-none-any.whl (28 kB)\n","timestamp":"2025-10-13T21:20:46.108853574Z"},{"message":"Downloading beautifulsoup4-4.12.3-py3-none-any.whl (147 kB)\n","timestamp":"2025-10-13T21:20:46.119590371Z"},{"message":"Downloading requests-2.31.0-py3-none-any.whl (62 kB)\n","timestamp":"2025-10-13T21:20:46.13127603Z"},{"message":"Downloading python_dotenv-1.0.0-py3-none-any.whl (19 kB)\n","timestamp":"2025-10-13T21:20:46.142680121Z"},{"message":"Downloading openai-1.12.0-py3-none-any.whl (226 kB)\n","timestamp":"2025-10-13T21:20:46.157932393Z"},{"message":"Downloading pyee-11.0.1-py3-none-any.whl (15 kB)\n","timestamp":"2025-10-13T21:20:46.170994009Z"},{"message":"Using cached anyio-4.11.0-py3-none-any.whl (109 kB)\n","timestamp":"2025-10-13T21:20:46.174301205Z"},{"message":"Downloading charset_normalizer-3.4.3-cp313-cp313-manylinux2014_x86_64.manylinux_2_17_x86_64.manylinux_2_28_x86_64.whl (151 kB)\n","timestamp":"2025-10-13T21:20:46.1834653Z"},{"message":"Downloading distro-1.9.0-py3-none-any.whl (20 kB)\n","timestamp":"2025-10-13T21:20:46.194898428Z"},{"message":"Using cached httpx-0.28.1-py3-none-any.whl (73 kB)\n","timestamp":"2025-10-13T21:20:46.197934275Z"},{"message":"Using cached httpcore-1.0.9-py3-none-any.whl (78 kB)\n","timestamp":"2025-10-13T21:20:46.199314158Z"},{"message":"Using cached idna-3.11-py3-none-any.whl (71 kB)\n","timestamp":"2025-10-13T21:20:46.200974267Z"},{"message":"Downloading starlette-0.35.1-py3-none-any.whl (71 kB)\n","timestamp":"2025-10-13T21:20:46.211302559Z"},{"message":"Using cached typing_extensions-4.15.0-py3-none-any.whl (44 kB)\n","timestamp":"2025-10-13T21:20:46.214478334Z"},{"message":"Downloading urllib3-2.5.0-py3-none-any.whl (129 kB)\n","timestamp":"2025-10-13T21:20:46.222683901Z"},{"message":"Downloading annotated_types-0.7.0-py3-none-any.whl (13 kB)\n","timestamp":"2025-10-13T21:20:46.233934742Z"},{"message":"Using cached certifi-2025.10.5-py3-none-any.whl (163 kB)\n","timestamp":"2025-10-13T21:20:46.237907609Z"},{"message":"Downloading click-8.3.0-py3-none-any.whl (107 kB)\n","timestamp":"2025-10-13T21:20:46.247014804Z"},{"message":"Using cached h11-0.16.0-py3-none-any.whl (37 kB)\n","timestamp":"2025-10-13T21:20:46.251223055Z"},{"message":"Downloading httptools-0.7.1-cp313-cp313-manylinux1_x86_64.manylinux_2_28_x86_64.manylinux_2_5_x86_64.whl (478 kB)\n","timestamp":"2025-10-13T21:20:46.262277342Z"},{"message":"Downloading pyyaml-6.0.3-cp313-cp313-manylinux2014_x86_64.manylinux_2_17_x86_64.manylinux_2_28_x86_64.whl (801 kB)\n","timestamp":"2025-10-13T21:20:46.274941465Z"},{"message":"   ━━━━━━━━━━━━━━━━━━━━━━━━━━━━━━━━━━━━━━━━ 801.6/801.6 kB 119.3 MB/s  0:00:00","timestamp":"2025-10-13T21:20:46.282617391Z"},{"message":"\n","timestamp":"2025-10-13T21:20:46.282749509Z"},{"message":"Using cached sniffio-1.3.1-py3-none-any.whl (10 kB)\n","timestamp":"2025-10-13T21:20:46.284404111Z"},{"message":"Downloading soupsieve-2.8-py3-none-any.whl (36 kB)\n","timestamp":"2025-10-13T21:20:46.293339087Z"},{"message":"Using cached tqdm-4.67.1-py3-none-any.whl (78 kB)\n","timestamp":"2025-10-13T21:20:46.296615884Z"},{"message":"Downloading uvloop-0.21.0-cp313-cp313-manylinux_2_17_x86_64.manylinux2014_x86_64.whl (4.7 MB)\n","timestamp":"2025-10-13T21:20:46.30863751Z"},{"message":"   ━━━━━━━━━━━━━━━━━━━━━━━━━━━━━━━━━━━━━━━━ 4.7/4.7 MB 189.0 MB/s  0:00:00","timestamp":"2025-10-13T21:20:46.335250437Z"},{"message":"\n","timestamp":"2025-10-13T21:20:46.335315152Z"},{"message":"Downloading watchfiles-1.1.0-cp313-cp313-manylinux_2_17_x86_64.manylinux2014_x86_64.whl (451 kB)\n","timestamp":"2025-10-13T21:20:46.345947642Z"},{"message":"Downloading websockets-15.0.1-cp313-cp313-manylinux_2_5_x86_64.manylinux1_x86_64.manylinux_2_17_x86_64.manylinux2014_x86_64.whl (182 kB)\n","timestamp":"2025-10-13T21:20:46.359131098Z"},{"message":"Building wheels for collected packages: lxml, greenlet, pydantic-core\n","timestamp":"2025-10-13T21:20:46.526817501Z"},{"message":"  Building wheel for lxml (pyproject.toml): started\n","timestamp":"2025-10-13T21:20:46.527551187Z"},{"message":"  Building wheel for lxml (pyproject.toml): still running...\n","timestamp":"2025-10-13T21:22:24.973492916Z"},{"message":"  Building wheel for lxml (pyproject.toml): finished with status 'done'\n","timestamp":"2025-10-13T21:23:17.517205529Z"},{"message":"  Created wheel for lxml: filename=lxml-5.1.0-cp313-cp313-linux_x86_64.whl size=9098550 sha256=16989027c06837027d722aafd8cc73e92fe46027e09b6c809ab975dfee7c7727\n","timestamp":"2025-10-13T21:23:17.550130779Z"},{"message":"  Stored in directory: /opt/pip-cache/wheels/61/ee/c7/8efaa07f329bd1007fb1f352458a424aa2e7358b1ff215f374\n","timestamp":"2025-10-13T21:23:17.550176296Z"},{"message":"  Building wheel for greenlet (pyproject.toml): started\n","timestamp":"2025-10-13T21:23:17.55325229Z"},{"message":"  Building wheel for greenlet (pyproject.toml): finished with status 'error'\n","timestamp":"2025-10-13T21:23:18.944813194Z"},{"message":"  error: subprocess-exited-with-error\n  \n  × Building wheel for greenlet (pyproject.toml) did not run successfully.\n  │ exit code: 1\n  ╰─> [218 lines of output]\n      /tmp/pip-build-env-k2qcvm7n/overlay/lib/python3.13/site-packages/setuptools/dist.py:759: SetuptoolsDeprecationWarning: License classifiers are deprecated.\n      !!\n      \n              ********************************************************************************\n              Please consider removing the following classifiers in favor of a SPDX license expression:\n      \n              License :: OSI Approved :: MIT License\n      \n              See https://packaging.python.org/en/latest/guides/writing-pyproject-toml/#license for details.\n              ********************************************************************************\n      \n      !!\n        self._finalize_license_expression()\n      running bdist_wheel\n      running build\n      running build_py\n      creating build/lib.linux-x86_64-cpython-313/greenlet\n      copying src/greenlet/__init__.py -> build/lib.linux-x86_64-cpython-313/greenlet\n      creating build/lib.linux-x86_64-cpython-313/greenlet/platform\n      copying src/greenlet/platform/__init__.py -> build/lib.linux-x86_64-cpython-313/greenlet/platform\n      creating build/lib.linux-x86_64-cpython-313/greenlet/tests\n      copying src/greenlet/tests/test_stack_saved.py -> build/lib.linux-x86_64-cpython-313/greenlet/tests\n      copying src/greenlet/tests/fail_switch_two_greenlets.py -> build/lib.linux-x86_64-cpython-313/greenlet/tests\n      copying src/greenlet/tests/fail_clearing_run_switches.py -> build/lib.linux-x86_64-cpython-313/greenlet/tests\n      copying src/greenlet/tests/test_greenlet.py -> build/lib.linux-x86_64-cpython-313/greenlet/tests\n      copying src/greenlet/tests/leakcheck.py -> build/lib.linux-x86_64-cpython-313/greenlet/tests\n      copying src/greenlet/tests/test_version.py -> build/lib.linux-x86_64-cpython-313/greenlet/tests\n      copying src/greenlet/tests/fail_cpp_exception.py -> build/lib.linux-x86_64-cpython-313/greenlet/tests\n      copying src/greenlet/tests/test_weakref.py -> build/lib.linux-x86_64-cpython-313/greenlet/tests\n      copying src/greenlet/tests/fail_initialstub_already_started.py -> build/lib.linux-x86_64-cpython-313/greenlet/tests\n      copying src/greenlet/tests/test_contextvars.py -> build/lib.linux-x86_64-cpython-313/greenlet/tests\n      copying src/greenlet/tests/__init__.py -> build/lib.linux-x86_64-cpython-313/greenlet/tests\n      copying src/greenlet/tests/test_leaks.py -> build/lib.linux-x86_64-cpython-313/greenlet/tests\n      copying src/greenlet/tests/test_extension_interface.py -> build/lib.linux-x86_64-cpython-313/greenlet/tests\n      copying src/greenlet/tests/fail_switch_three_greenlets.py -> build/lib.linux-x86_64-cpython-313/greenlet/tests\n      copying src/greenlet/tests/test_tracing.py -> build/lib.linux-x86_64-cpython-313/greenlet/tests\n      copying src/greenlet/tests/fail_slp_switch.py -> build/lib.linux-x86_64-cpython-313/greenlet/tests\n      copying src/greenlet/tests/test_greenlet_trash.py -> build/lib.linux-x86_64-cpython-313/greenlet/tests\n      copying src/greenlet/tests/test_cpp.py -> build/lib.linux-x86_64-cpython-313/greenlet/tests\n      copying src/greenlet/tests/test_generator.py -> build/lib.linux-x86_64-cpython-313/greenlet/tests\n      copying src/greenlet/tests/fail_switch_three_greenlets2.py -> build/lib.linux-x86_64-cpython-313/greenlet/tests\n      copying src/greenlet/tests/test_throw.py -> build/lib.linux-x86_64-cpython-313/greenlet/tests\n      copying src/greenlet/tests/test_generator_nested.py -> build/lib.linux-x86_64-cpython-313/greenlet/tests\n      copying src/greenlet/tests/test_gc.py -> build/lib.linux-x86_64-cpython-313/greenlet/tests\n      running egg_info\n      writing src/greenlet.egg-info/PKG-INFO\n      writing dependency_links to src/greenlet.egg-info/dependency_links.txt\n      writing requirements to src/greenlet.egg-info/requires.txt\n      writing top-level names to src/greenlet.egg-info/top_level.txt\n      reading manifest file 'src/greenlet.egg-info/SOURCES.txt'\n      reading manifest template 'MANIFEST.in'\n      warning: no previously-included files found matching 'benchmarks/*.json'\n      no previously-included directories found matching 'docs/_build'\n      warning: no files found matching '*.py' under directory 'appveyor'\n      warning: no previously-included files matching '*.pyc' found anywhere in distribution\n      warning: no previously-included files matching '*.pyd' found anywhere in distribution\n      warning: no previously-included files matching '*.so' found anywhere in distribution\n      warning: no previously-included files matching '.coverage' found anywhere in distribution\n      adding license file 'LICENSE'\n      adding license file 'LICENSE.PSF'\n      adding license file 'AUTHORS'\n      writing manifest file 'src/greenlet.egg-info/SOURCES.txt'\n      copying src/greenlet/TBrokenGreenlet.cpp -> build/lib.linux-x86_64-cpython-313/greenlet\n      copying src/greenlet/TExceptionState.cpp -> build/lib.linux-x86_64-cpython-313/greenlet\n      copying src/greenlet/TGreenlet.cpp -> build/lib.linux-x86_64-cpython-313/greenlet\n      copying src/greenlet/TGreenletGlobals.cpp -> build/lib.linux-x86_64-cpython-313/greenlet\n      copying src/greenlet/TMainGreenlet.cpp -> build/lib.linux-x86_64-cpython-313/greenlet\n      copying src/greenlet/TPythonState.cpp -> build/lib.linux-x86_64-cpython-313/greenlet\n      copying src/greenlet/TStackState.cpp -> build/lib.linux-x86_64-cpython-313/greenlet\n      copying src/greenlet/TThreadStateDestroy.cpp -> build/lib.linux-x86_64-cpython-313/greenlet\n      copying src/greenlet/TUserGreenlet.cpp -> build/lib.linux-x86_64-cpython-313/greenlet\n      copying src/greenlet/greenlet.cpp -> build/lib.linux-x86_64-cpython-313/greenlet\n      copying src/greenlet/greenlet.h -> build/lib.linux-x86_64-cpython-313/greenlet\n      copying src/greenlet/greenlet_allocator.hpp -> build/lib.linux-x86_64-cpython-313/greenlet\n      copying src/greenlet/greenlet_compiler_compat.hpp -> build/lib.linux-x86_64-cpython-313/greenlet\n      copying src/greenlet/greenlet_cpython_add_pending.hpp -> build/lib.linux-x86_64-cpython-313/greenlet\n      copying src/greenlet/greenlet_cpython_compat.hpp -> build/lib.linux-x86_64-cpython-313/greenlet\n      copying src/greenlet/greenlet_exceptions.hpp -> build/lib.linux-x86_64-cpython-313/greenlet\n      copying src/greenlet/greenlet_greenlet.hpp -> build/lib.linux-x86_64-cpython-313/greenlet\n      copying src/greenlet/greenlet_internal.hpp -> build/lib.linux-x86_64-cpython-313/greenlet\n      copying src/greenlet/greenlet_refs.hpp -> build/lib.linux-x86_64-cpython-313/greenlet\n      copying src/greenlet/greenlet_slp_switch.hpp -> build/lib.linux-x86_64-cpython-313/greenlet\n      copying src/greenlet/greenlet_thread_state.hpp -> build/lib.linux-x86_64-cpython-313/greenlet\n      copying src/greenlet/greenlet_thread_state_dict_cleanup.hpp -> build/lib.linux-x86_64-cpython-313/greenlet\n      copying src/greenlet/greenlet_thread_support.hpp -> build/lib.linux-x86_64-cpython-313/greenlet\n      copying src/greenlet/slp_platformselect.h -> build/lib.linux-x86_64-cpython-313/greenlet\n      copying src/greenlet/platform/setup_switch_x64_masm.cmd -> build/lib.linux-x86_64-cpython-313/greenlet/platform\n      copying src/greenlet/platform/switch_aarch64_gcc.h -> build/lib.linux-x86_64-cpython-313/greenlet/platform\n      copying src/greenlet/platform/switch_alpha_unix.h -> build/lib.linux-x86_64-cpython-313/greenlet/platform\n      copying src/greenlet/platform/switch_amd64_unix.h -> build/lib.linux-x86_64-cpython-313/greenlet/platform\n      copying src/greenlet/platform/switch_arm32_gcc.h -> build/lib.linux-x86_64-cpython-313/greenlet/platform\n      copying src/greenlet/platform/switch_arm32_ios.h -> build/lib.linux-x86_64-cpython-313/greenlet/platform\n      copying src/greenlet/platform/switch_arm64_masm.asm -> build/lib.linux-x86_64-cpython-313/greenlet/platform\n      copying src/greenlet/platform/switch_arm64_masm.obj -> build/lib.linux-x86_64-cpython-313/greenlet/platform\n      copying src/greenlet/platform/switch_arm64_msvc.h -> build/lib.linux-x86_64-cpython-313/greenlet/platform\n      copying src/greenlet/platform/switch_csky_gcc.h -> build/lib.linux-x86_64-cpython-313/greenlet/platform\n      copying src/greenlet/platform/switch_loongarch64_linux.h -> build/lib.linux-x86_64-cpython-313/greenlet/platform\n      copying src/greenlet/platform/switch_m68k_gcc.h -> build/lib.linux-x86_64-cpython-313/greenlet/platform\n      copying src/greenlet/platform/switch_mips_unix.h -> build/lib.linux-x86_64-cpython-313/greenlet/platform\n      copying src/greenlet/platform/switch_ppc64_aix.h -> build/lib.linux-x86_64-cpython-313/greenlet/platform\n      copying src/greenlet/platform/switch_ppc64_linux.h -> build/lib.linux-x86_64-cpython-313/greenlet/platform\n      copying src/greenlet/platform/switch_ppc_aix.h -> build/lib.linux-x86_64-cpython-313/greenlet/platform\n      copying src/greenlet/platform/switch_ppc_linux.h -> build/lib.linux-x86_64-cpython-313/greenlet/platform\n      copying src/greenlet/platform/switch_ppc_macosx.h -> build/lib.linux-x86_64-cpython-313/greenlet/platform\n      copying src/greenlet/platform/switch_ppc_unix.h -> build/lib.linux-x86_64-cpython-313/greenlet/platform\n      copying src/greenlet/platform/switch_riscv_unix.h -> build/lib.linux-x86_64-cpython-313/greenlet/platform\n      copying src/greenlet/platform/switch_s390_unix.h -> build/lib.linux-x86_64-cpython-313/greenlet/platform\n      copying src/greenlet/platform/switch_sparc_sun_gcc.h -> build/lib.linux-x86_64-cpython-313/greenlet/platform\n      copying src/greenlet/platform/switch_x32_unix.h -> build/lib.linux-x86_64-cpython-313/greenlet/platform\n      copying src/greenlet/platform/switch_x64_masm.asm -> build/lib.linux-x86_64-cpython-313/greenlet/platform\n      copying src/greenlet/platform/switch_x64_masm.obj -> build/lib.linux-x86_64-cpython-313/greenlet/platform\n      copying src/greenlet/platform/switch_x64_msvc.h -> build/lib.linux-x86_64-cpython-313/greenlet/platform\n      copying src/greenlet/platform/switch_x86_msvc.h -> build/lib.linux-x86_64-cpython-313/greenlet/platform\n      copying src/greenlet/platform/switch_x86_unix.h -> build/lib.linux-x86_64-cpython-313/greenlet/platform\n      copying src/greenlet/tests/_test_extension.c -> build/lib.linux-x86_64-cpython-313/greenlet/tests\n      copying src/greenlet/tests/_test_extension_cpp.cpp -> build/lib.linux-x86_64-cpython-313/greenlet/tests\n      warning: build_py: byte-compiling is disabled, skipping.\n      \n      running build_ext\n      building 'greenlet._greenlet' extension\n      creating build/temp.linux-x86_64-cpython-313/src/greenlet\n      c++ -pthread -fno-strict-overflow -Wsign-compare -Wunreachable-code -DNDEBUG -g -O3 -Wall -fPIC -fPIC -I/app/.venv/include -I/mise/installs/python/3.13.8/include/python3.13 -c src/greenlet/greenlet.cpp -o build/temp.linux-x86_64-cpython-313/src/greenlet/greenlet.o\n      In file included from src/greenlet/greenlet_greenlet.hpp:26,\n                       from src/greenlet/greenlet_internal.hpp:20,\n                       from src/greenlet/greenlet.cpp:19:\n      /mise/installs/python/3.13.8/include/python3.13/internal/pycore_frame.h:8:4: error: #error \"this header requires Py_BUILD_CORE define\"\n          8 | #  error \"this header requires Py_BUILD_CORE define\"\n            |    ^~~~~\n      In file included from /mise/installs/python/3.13.8/include/python3.13/internal/pycore_frame.h:13:\n      /mise/installs/python/3.13.8/include/python3.13/internal/pycore_code.h:8:4: error: #error \"this header requires Py_BUILD_CORE define\"\n          8 | #  error \"this header requires Py_BUILD_CORE define\"\n            |    ^~~~~\n      In file included from /mise/installs/python/3.13.8/include/python3.13/internal/pycore_code.h:11:\n      /mise/installs/python/3.13.8/include/python3.13/internal/pycore_lock.h:13:4: error: #error \"this header requires Py_BUILD_CORE define\"\n         13 | #  error \"this header requires Py_BUILD_CORE define\"\n            |    ^~~~~\n      In file included from /mise/installs/python/3.13.8/include/python3.13/internal/pycore_code.h:12:\n      /mise/installs/python/3.13.8/include/python3.13/internal/pycore_backoff.h:9:4: error: #error \"this header requires Py_BUILD_CORE define\"\n          9 | #  error \"this header requires Py_BUILD_CORE define\"\n            |    ^~~~~\n      src/greenlet/greenlet_greenlet.hpp:104:9: error: ‘_PyCFrame’ does not name a type; did you mean ‘_frame’?\n        104 |         _PyCFrame* cframe;\n            |         ^~~~~~~~~\n            |         _frame\n      src/greenlet/greenlet_greenlet.hpp:147:29: error: ‘_PyCFrame’ has not been declared\n        147 |         void set_new_cframe(_PyCFrame& frame) noexcept;\n            |                             ^~~~~~~~~\n      In file included from src/greenlet/greenlet.cpp:33:\n      src/greenlet/TUserGreenlet.cpp: In member function ‘virtual greenlet::Greenlet::switchstack_result_t greenlet::UserGreenlet::g_initialstub(void*)’:\n      src/greenlet/TUserGreenlet.cpp:280:5: error: ‘_PyCFrame’ was not declared in this scope; did you mean ‘_frame’?\n        280 |     _PyCFrame trace_info;\n            |     ^~~~~~~~~\n            |     _frame\n      src/greenlet/TUserGreenlet.cpp:282:39: error: ‘trace_info’ was not declared in this scope\n        282 |     this->python_state.set_new_cframe(trace_info);\n            |                                       ^~~~~~~~~~\n      In file included from src/greenlet/greenlet.cpp:36:\n      src/greenlet/TPythonState.cpp: In constructor ‘greenlet::PythonState::PythonState()’:\n      src/greenlet/TPythonState.cpp:12:6: error: class ‘greenlet::PythonState’ does not have any field named ‘cframe’\n         12 |     ,cframe(nullptr)\n            |      ^~~~~~\n      src/greenlet/TPythonState.cpp:79:11: error: ‘class greenlet::PythonState’ has no member named ‘cframe’\n         79 |     this->cframe = &PyThreadState_GET()->root_cframe;\n            |           ^~~~~~\n      src/greenlet/TPythonState.cpp:79:42: error: ‘PyThreadState’ {aka ‘struct _ts’} has no member named ‘root_cframe’\n         79 |     this->cframe = &PyThreadState_GET()->root_cframe;\n            |                                          ^~~~~~~~~~~\n      src/greenlet/TPythonState.cpp: In member function ‘void greenlet::PythonState::operator<<(const PyThreadState*)’:\n      src/greenlet/TPythonState.cpp:125:11: error: ‘class greenlet::PythonState’ has no member named ‘cframe’\n        125 |     this->cframe = tstate->cframe;\n            |           ^~~~~~\n      src/greenlet/TPythonState.cpp:125:28: error: ‘const PyThreadState’ {aka ‘const struct _ts’} has no member named ‘cframe’\n        125 |     this->cframe = tstate->cframe;\n            |                            ^~~~~~\n      src/greenlet/TPythonState.cpp:133:31: error: ‘C_RECURSION_LIMIT’ was not declared in this scope; did you mean ‘Py_C_RECURSION_LIMIT’?\n        133 |     this->c_recursion_depth = C_RECURSION_LIMIT - tstate->c_recursion_remaining;\n            |                               ^~~~~~~~~~~~~~~~~\n            |                               Py_C_RECURSION_LIMIT\n      src/greenlet/TPythonState.cpp:137:35: error: ‘const PyThreadState’ {aka ‘const struct _ts’} has no member named ‘cframe’\n        137 |     this->current_frame = tstate->cframe->current_frame;\n            |                                   ^~~~~~\n      src/greenlet/TPythonState.cpp:147:42: error: ‘const PyThreadState’ {aka ‘const struct _ts’} has no member named ‘trash’\n        147 |     this->trash_delete_nesting = tstate->trash.delete_nesting;\n            |                                          ^~~~~\n      src/greenlet/TPythonState.cpp: In member function ‘void greenlet::PythonState::operator>>(PyThreadState*)’:\n      src/greenlet/TPythonState.cpp:188:13: error: ‘PyThreadState’ {aka ‘struct _ts’} has no member named ‘cframe’\n        188 |     tstate->cframe = this->cframe;\n            |             ^~~~~~\n      src/greenlet/TPythonState.cpp:188:28: error: ‘class greenlet::PythonState’ has no member named ‘cframe’\n        188 |     tstate->cframe = this->cframe;\n            |                            ^~~~~~\n      src/greenlet/TPythonState.cpp:202:37: error: ‘C_RECURSION_LIMIT’ was not declared in this scope; did you mean ‘Py_C_RECURSION_LIMIT’?\n        202 |     tstate->c_recursion_remaining = C_RECURSION_LIMIT - this->c_recursion_depth;\n            |                                     ^~~~~~~~~~~~~~~~~\n            |                                     Py_C_RECURSION_LIMIT\n      src/greenlet/TPythonState.cpp:207:13: error: ‘PyThreadState’ {aka ‘struct _ts’} has no member named ‘cframe’\n        207 |     tstate->cframe->current_frame = this->current_frame;\n            |             ^~~~~~\n      src/greenlet/TPythonState.cpp:213:13: error: ‘PyThreadState’ {aka ‘struct _ts’} has no member named ‘trash’\n        213 |     tstate->trash.delete_nesting = this->trash_delete_nesting;\n            |             ^~~~~\n      src/greenlet/TPythonState.cpp: At global scope:\n      src/greenlet/TPythonState.cpp:273:6: error: variable or field ‘set_new_cframe’ declared void\n        273 | void PythonState::set_new_cframe(_PyCFrame& frame) noexcept\n            |      ^~~~~~~~~~~\n      src/greenlet/TPythonState.cpp:273:34: error: ‘_PyCFrame’ was not declared in this scope; did you mean ‘_frame’?\n        273 | void PythonState::set_new_cframe(_PyCFrame& frame) noexcept\n            |                                  ^~~~~~~~~\n            |                                  _frame\n      src/greenlet/TPythonState.cpp:273:45: error: ‘frame’ was not declared in this scope; did you mean ‘_frame’?\n        273 | void PythonState::set_new_cframe(_PyCFrame& frame) noexcept\n            |                                             ^~~~~\n            |                                             _frame\n      src/greenlet/greenlet.cpp: In function ‘PyObject* mod_get_tstate_trash_delete_nesting(PyObject*)’:\n      src/greenlet/greenlet.cpp:1341:36: error: ‘PyThreadState’ {aka ‘struct _ts’} has no member named ‘trash’\n       1341 |     return PyLong_FromLong(tstate->trash.delete_nesting);\n            |                                    ^~~~~\n      error: command '/usr/bin/c++' failed with exit code 1\n      [end of output]\n  \n  note: This error originates from a subprocess, and is likely not a problem with pip.\n","timestamp":"2025-10-13T21:23:18.955486238Z"},{"message":"  ERROR: Failed building wheel for greenlet\n","timestamp":"2025-10-13T21:23:18.955848861Z"},{"message":"  Building wheel for pydantic-core (pyproject.toml): started\n","timestamp":"2025-10-13T21:23:18.956758992Z"},{"message":"  Building wheel for pydantic-core (pyproject.toml): finished with status 'error'\n","timestamp":"2025-10-13T21:23:26.430084084Z"},{"message":"  error: subprocess-exited-with-error\n  \n  × Building wheel for pydantic-core (pyproject.toml) did not run successfully.\n  │ exit code: 1\n  ╰─> [130 lines of output]\n      Running `maturin pep517 build-wheel -i /app/.venv/bin/python --compatibility off`\n      Rust not found, installing into a temporary directory\n      Python reports SOABI: cpython-313-x86_64-linux-gnu\n      Computed rustc target triple: x86_64-unknown-linux-gnu\n      Installation directory: /root/.cache/puccinialin\n      Rustup already downloaded\n      Installing rust to /root/.cache/puccinialin/rustup\n      warn: It looks like you have an existing rustup settings file at:\n      warn: /root/.rustup/settings.toml\n      warn: Rustup will install the default toolchain as specified in the settings file,\n      warn: instead of the one inferred from the default host triple.\n      info: profile set to 'minimal'\n      info: default host triple is x86_64-unknown-linux-gnu\n      warn: Updating existing toolchain, profile choice will be ignored\n      info: syncing channel updates for 'stable-x86_64-unknown-linux-gnu'\n      info: default toolchain set to 'stable-x86_64-unknown-linux-gnu'\n      Checking if cargo is installed\n      cargo 1.90.0 (840b83a10 2025-07-30)\n      📦 Including license file `LICENSE`\n      🍹 Building a mixed python/rust project\n      🔗 Found pyo3 bindings\n      🐍 Found CPython 3.13 at /app/.venv/bin/python\n      📡 Using build options features, bindings from pyproject.toml\n         Compiling autocfg v1.1.0\n         Compiling proc-macro2 v1.0.69\n         Compiling target-lexicon v0.12.9\n         Compiling unicode-ident v1.0.10\n         Compiling quote v1.0.29\n         Compiling python3-dll-a v0.2.9\n         Compiling once_cell v1.18.0\n         Compiling libc v0.2.147\n         Compiling heck v0.4.1\n         Compiling static_assertions v1.1.0\n         Compiling cfg-if v1.0.0\n         Compiling version_check v0.9.4\n         Compiling rustversion v1.0.13\n         Compiling parking_lot_core v0.9.8\n         Compiling scopeguard v1.1.0\n         Compiling smallvec v1.11.1\n         Compiling tinyvec_macros v0.1.1\n         Compiling serde v1.0.190\n         Compiling memchr v2.6.3\n         Compiling hashbrown v0.14.0\n         Compiling percent-encoding v2.3.0\n         Compiling indoc v2.0.4\n         Compiling unindent v0.2.3\n         Compiling equivalent v1.0.1\n         Compiling unicode-bidi v0.3.13\n         Compiling regex-syntax v0.8.2\n         Compiling serde_json v1.0.108\n         Compiling zerocopy v0.7.20\n         Compiling itoa v1.0.8\n         Compiling ryu v1.0.14\n         Compiling base64 v0.21.5\n         Compiling uuid v1.5.0\n         Compiling tinyvec v1.6.0\n         Compiling lexical-util v0.8.5\n         Compiling form_urlencoded v1.2.0\n         Compiling num-traits v0.2.16\n         Compiling num-integer v0.1.45\n         Compiling lock_api v0.4.10\n         Compiling num-bigint v0.4.4\n         Compiling memoffset v0.9.0\n         Compiling ahash v0.8.6\n         Compiling aho-corasick v1.0.2\n         Compiling pyo3-build-config v0.20.0\n         Compiling indexmap v2.0.0\n         Compiling getrandom v0.2.10\n         Compiling syn v2.0.38\n         Compiling parking_lot v0.12.1\n         Compiling lexical-write-integer v0.8.5\n         Compiling lexical-parse-integer v0.8.6\n         Compiling unicode-normalization v0.1.22\n         Compiling lexical-parse-float v0.8.5\n         Compiling lexical-write-float v0.8.5\n         Compiling idna v0.4.0\n         Compiling lexical-core v0.8.5\n         Compiling pyo3-ffi v0.20.0\n         Compiling pyo3 v0.20.0\n         Compiling pydantic-core v2.14.6 (/tmp/pip-install-dub880wd/pydantic-core_530213bc037a445994ecaf656647d80c)\n         Compiling url v2.4.1\n         Compiling regex-automata v0.4.3\n      error: failed to run custom build command for `pydantic-core v2.14.6 (/tmp/pip-install-dub880wd/pydantic-core_530213bc037a445994ecaf656647d80c)`\n      \n      Caused by:\n        process didn't exit successfully: `/tmp/pip-install-dub880wd/pydantic-core_530213bc037a445994ecaf656647d80c/target/release/build/pydantic-core-5bf749260b697411/build-script-build` (exit status: 101)\n        --- stdout\n        cargo:rustc-cfg=Py_3_6\n        cargo:rustc-cfg=Py_3_7\n        cargo:rustc-cfg=Py_3_8\n        cargo:rustc-cfg=Py_3_9\n        cargo:rustc-cfg=Py_3_10\n        cargo:rustc-cfg=Py_3_11\n        cargo:rustc-cfg=Py_3_12\n        cargo:rustc-cfg=Py_3_13\n        cargo:rerun-if-changed=python/pydantic_core/core_schema.py\n        cargo:rerun-if-changed=generate_self_schema.py\n      \n        --- stderr\n        Traceback (most recent call last):\n          File \"/tmp/pip-install-dub880wd/pydantic-core_530213bc037a445994ecaf656647d80c/generate_self_schema.py\", line 192, in eval_forward_ref\n            return type_._evaluate(core_schema.__dict__, None, set())\n                   ~~~~~~~~~~~~~~~^^^^^^^^^^^^^^^^^^^^^^^^^^^^^^^^^^^\n        TypeError: ForwardRef._evaluate() missing 1 required keyword-only argument: 'recursive_guard'\n      \n        During handling of the above exception, another exception occurred:\n      \n        Traceback (most recent call last):\n          File \"/tmp/pip-install-dub880wd/pydantic-core_530213bc037a445994ecaf656647d80c/generate_self_schema.py\", line 240, in <module>\n            main()\n            ~~~~^^\n          File \"/tmp/pip-install-dub880wd/pydantic-core_530213bc037a445994ecaf656647d80c/generate_self_schema.py\", line 210, in main\n            value = get_schema(s, definitions)\n          File \"/tmp/pip-install-dub880wd/pydantic-core_530213bc037a445994ecaf656647d80c/generate_self_schema.py\", line 54, in get_schema\n            return type_dict_schema(obj, definitions)\n          File \"/tmp/pip-install-dub880wd/pydantic-core_530213bc037a445994ecaf656647d80c/generate_self_schema.py\", line 152, in type_dict_schema\n            field_type = eval_forward_ref(field_type)\n          File \"/tmp/pip-install-dub880wd/pydantic-core_530213bc037a445994ecaf656647d80c/generate_self_schema.py\", line 195, in eval_forward_ref\n            return type_._evaluate(core_schema.__dict__, None)\n                   ~~~~~~~~~~~~~~~^^^^^^^^^^^^^^^^^^^^^^^^^^^^\n        TypeError: ForwardRef._evaluate() missing 1 required keyword-only argument: 'recursive_guard'\n      \n        thread 'main' panicked at build.rs:29:9:\n        generate_self_schema.py failed with exit status: 1\n        note: run with `RUST_BACKTRACE=1` environment variable to display a backtrace\n      warning: build failed, waiting for other jobs to finish...\n      💥 maturin failed\n        Caused by: Failed to build a native library through cargo\n        Caused by: Cargo build finished with \"exit status: 101\": `env -u CARGO PYO3_BUILD_EXTENSION_MODULE=\"1\" PYO3_ENVIRONMENT_SIGNATURE=\"cpython-3.13-64bit\" PYO3_PYTHON=\"/app/.venv/bin/python\" PYTHON_SYS_EXECUTABLE=\"/app/.venv/bin/python\" \"cargo\" \"rustc\" \"--features\" \"pyo3/extension-module\" \"--message-format\" \"json-render-diagnostics\" \"--manifest-path\" \"/tmp/pip-install-dub880wd/pydantic-core_530213bc037a445994ecaf656647d80c/Cargo.toml\" \"--release\" \"--lib\" \"--crate-type\" \"cdylib\"`\n      Error: command ['maturin', 'pep517', 'build-wheel', '-i', '/app/.venv/bin/python', '--compatibility', 'off'] returned non-zero exit status 1\n      [end of output]\n  \n  note: This error originates from a subprocess, and is likely not a problem with pip.\n","timestamp":"2025-10-13T21:23:26.434903839Z"},{"message":"  ERROR: Failed building wheel for pydantic-core\n","timestamp":"2025-10-13T21:23:26.435246933Z"},{"message":"Successfully built lxml\n","timestamp":"2025-10-13T21:23:26.435522481Z"},{"message":"Failed to build greenlet pydantic-core\n","timestamp":"2025-10-13T21:23:26.43563732Z"},{"message":"error: failed-wheel-build-for-install\n\n× Failed to build installable wheels for some pyproject.toml based projects\n╰─> greenlet, pydantic-core\n","timestamp":"2025-10-13T21:23:26.43647294Z"},{"message":"pip install -r requirements.txt","timestamp":"2025-10-13T21:23:26.915544591Z"},{"message":"ERROR: failed to build: failed to solve: process \"pip install -r requirements.txt\" did not complete successfully: exit code: 1","timestamp":"2025-10-13T21:23:26.932110229Z"}]